C:\USERS\ALEKSANDAR\DOCUMENTS\VISUAL STUDIO 2012\PROJECTS\PROJECT2_OOP_PRAKT_GAME\PROJECT2_OOP_PRAKT_GAME\DEBUG\DECK.OBJ
C:\USERS\ALEKSANDAR\DOCUMENTS\VISUAL STUDIO 2012\PROJECTS\PROJECT2_OOP_PRAKT_GAME\PROJECT2_OOP_PRAKT_GAME\DEBUG\CARD.OBJ
C:\USERS\ALEKSANDAR\DOCUMENTS\VISUAL STUDIO 2012\PROJECTS\PROJECT2_OOP_PRAKT_GAME\PROJECT2_OOP_PRAKT_GAME\DEBUG\VC110.PDB
C:\USERS\ALEKSANDAR\DOCUMENTS\VISUAL STUDIO 2012\PROJECTS\PROJECT2_OOP_PRAKT_GAME\PROJECT2_OOP_PRAKT_GAME\DEBUG\MAIN.OBJ
C:\USERS\ALEKSANDAR\DOCUMENTS\VISUAL STUDIO 2012\PROJECTS\PROJECT2_OOP_PRAKT_GAME\DEBUG\PROJECT2_OOP_PRAKT_GAME.ILK
C:\USERS\ALEKSANDAR\DOCUMENTS\VISUAL STUDIO 2012\PROJECTS\PROJECT2_OOP_PRAKT_GAME\DEBUG\PROJECT2_OOP_PRAKT_GAME.EXE
C:\USERS\ALEKSANDAR\DOCUMENTS\VISUAL STUDIO 2012\PROJECTS\PROJECT2_OOP_PRAKT_GAME\DEBUG\PROJECT2_OOP_PRAKT_GAME.PDB
C:\Users\Aleksandar\documents\visual studio 2012\Projects\Project2_OOP_prakt_Game\Project2_OOP_prakt_Game\Debug\Card.obj
C:\Users\Aleksandar\documents\visual studio 2012\Projects\Project2_OOP_prakt_Game\Project2_OOP_prakt_Game\Debug\Deck.obj
C:\Users\Aleksandar\documents\visual studio 2012\Projects\Project2_OOP_prakt_Game\Project2_OOP_prakt_Game\Debug\Main.obj
C:\Users\Aleksandar\documents\visual studio 2012\Projects\Project2_OOP_prakt_Game\Project2_OOP_prakt_Game\Debug\cl.command.1.tlog
C:\Users\Aleksandar\documents\visual studio 2012\Projects\Project2_OOP_prakt_Game\Project2_OOP_prakt_Game\Debug\CL.read.1.tlog
C:\Users\Aleksandar\documents\visual studio 2012\Projects\Project2_OOP_prakt_Game\Project2_OOP_prakt_Game\Debug\CL.write.1.tlog
C:\Users\Aleksandar\documents\visual studio 2012\Projects\Project2_OOP_prakt_Game\Project2_OOP_prakt_Game\Debug\link-cvtres.read.1.tlog
C:\Users\Aleksandar\documents\visual studio 2012\Projects\Project2_OOP_prakt_Game\Project2_OOP_prakt_Game\Debug\link-cvtres.write.1.tlog
C:\Users\Aleksandar\documents\visual studio 2012\Projects\Project2_OOP_prakt_Game\Project2_OOP_prakt_Game\Debug\link-rc.read.1.tlog
C:\Users\Aleksandar\documents\visual studio 2012\Projects\Project2_OOP_prakt_Game\Project2_OOP_prakt_Game\Debug\link-rc.write.1.tlog
C:\Users\Aleksandar\documents\visual studio 2012\Projects\Project2_OOP_prakt_Game\Project2_OOP_prakt_Game\Debug\link.7132-cvtres.read.1.tlog
C:\Users\Aleksandar\documents\visual studio 2012\Projects\Project2_OOP_prakt_Game\Project2_OOP_prakt_Game\Debug\link.7132-cvtres.write.1.tlog
C:\Users\Aleksandar\documents\visual studio 2012\Projects\Project2_OOP_prakt_Game\Project2_OOP_prakt_Game\Debug\link.7132-rc.read.1.tlog
C:\Users\Aleksandar\documents\visual studio 2012\Projects\Project2_OOP_prakt_Game\Project2_OOP_prakt_Game\Debug\link.7132-rc.write.1.tlog
C:\Users\Aleksandar\documents\visual studio 2012\Projects\Project2_OOP_prakt_Game\Project2_OOP_prakt_Game\Debug\link.7132.read.1.tlog
C:\Users\Aleksandar\documents\visual studio 2012\Projects\Project2_OOP_prakt_Game\Project2_OOP_prakt_Game\Debug\link.7132.write.1.tlog
C:\Users\Aleksandar\documents\visual studio 2012\Projects\Project2_OOP_prakt_Game\Project2_OOP_prakt_Game\Debug\link.command.1.tlog
C:\Users\Aleksandar\documents\visual studio 2012\Projects\Project2_OOP_prakt_Game\Project2_OOP_prakt_Game\Debug\link.read.1.tlog
C:\Users\Aleksandar\documents\visual studio 2012\Projects\Project2_OOP_prakt_Game\Project2_OOP_prakt_Game\Debug\link.write.1.tlog
C:\Users\Aleksandar\documents\visual studio 2012\Projects\Project2_OOP_prakt_Game\Project2_OOP_prakt_Game\Debug\vc110.idb
C:\Users\Aleksandar\documents\visual studio 2012\Projects\Project2_OOP_prakt_Game\Project2_OOP_prakt_Game\Debug\vc110.pdb
C:\Users\Aleksandar\documents\visual studio 2012\Projects\Project2_OOP_prakt_Game\Debug\Project2_OOP_prakt_Game.pdb
C:\Users\Aleksandar\documents\visual studio 2012\Projects\Project2_OOP_prakt_Game\Debug\Project2_OOP_prakt_Game.exe
C:\Users\Aleksandar\documents\visual studio 2012\Projects\Project2_OOP_prakt_Game\Debug\Project2_OOP_prakt_Game.ilk
